#
# There is insufficient memory for the Java Runtime Environment to continue.
# Native memory allocation (mmap) failed to map 268435456 bytes for G1 virtual space
# Possible reasons:
#   The system is out of physical RAM or swap space
#   The process is running with CompressedOops enabled, and the Java Heap may be blocking the growth of the native heap
# Possible solutions:
#   Reduce memory load on the system
#   Increase physical memory or swap space
#   Check if swap backing store is full
#   Decrease Java heap size (-Xmx/-Xms)
#   Decrease number of Java threads
#   Decrease Java thread stack sizes (-Xss)
#   Set larger code cache with -XX:ReservedCodeCacheSize=
#   JVM is running with Zero Based Compressed Oops mode in which the Java heap is
#     placed in the first 32GB address space. The Java Heap base address is the
#     maximum limit for the native heap growth. Please use -XX:HeapBaseMinAddress
#     to set the Java Heap base and to place the Java Heap above 32GB virtual address.
# This output file may be truncated or incomplete.
#
#  Out of Memory Error (os_windows.cpp:3535), pid=19640, tid=21824
#
# JRE version:  (17.0.3+7) (build )
# Java VM: OpenJDK 64-Bit Server VM (17.0.3+7, mixed mode, sharing, tiered, compressed oops, compressed class ptrs, g1 gc, windows-amd64)
# No core dump will be written. Minidumps are not enabled by default on client versions of Windows
#

---------------  S U M M A R Y ------------

Command Line: -agentlib:jdwp=transport=dt_socket,server=n,suspend=y,address=127.0.0.1:52947 -Dfile.encoding=windows-1251 -Duser.country=US -Duser.language=en -Duser.variant org.example.Main

Host: Intel(R) Core(TM) i7-4720HQ CPU @ 2.60GHz, 8 cores, 15G,  Windows 10 , 64 bit Build 19041 (10.0.19041.1806)
Time: Tue Aug  2 14:32:24 2022 FLE Daylight Time elapsed time: 0.017822 seconds (0d 0h 0m 0s)

---------------  T H R E A D  ---------------

Current thread (0x00000138449dd4e0):  JavaThread "Unknown thread" [_thread_in_vm, id=21824, stack(0x0000000100600000,0x0000000100700000)]

Stack: [0x0000000100600000,0x0000000100700000]
Native frames: (J=compiled Java code, j=interpreted, Vv=VM code, C=native code)
V  [jvm.dll+0x675efa]
V  [jvm.dll+0x830a24]
V  [jvm.dll+0x8321ce]
V  [jvm.dll+0x832833]
V  [jvm.dll+0x2454b5]
V  [jvm.dll+0x672de9]
V  [jvm.dll+0x667732]
V  [jvm.dll+0x3043ab]
V  [jvm.dll+0x30b8f6]
V  [jvm.dll+0x35b62e]
V  [jvm.dll+0x35b85f]
V  [jvm.dll+0x2db248]
V  [jvm.dll+0x2dc1b4]
V  [jvm.dll+0x802651]
V  [jvm.dll+0x3693b1]
V  [jvm.dll+0x7e1aac]
V  [jvm.dll+0x3ebd8f]
V  [jvm.dll+0x3ed911]
C  [jli.dll+0x5277]
C  [ucrtbase.dll+0x21bb2]
C  [KERNEL32.DLL+0x17034]
C  [ntdll.dll+0x52651]


---------------  P R O C E S S  ---------------

Threads class SMR info:
_java_thread_list=0x00007ffaf8b26e98, length=0, elements={
}

Java Threads: ( => current thread )

Other Threads:
  0x0000013844a48540 GCTaskThread "GC Thread#0" [stack: 0x0000000100700000,0x0000000100800000] [id=21812]
  0x0000013844a5b760 ConcurrentGCThread "G1 Main Marker" [stack: 0x0000000100800000,0x0000000100900000] [id=21068]
  0x0000013844a5c910 ConcurrentGCThread "G1 Conc#0" [stack: 0x0000000100900000,0x0000000100a00000] [id=20532]

[error occurred during error reporting (printing all threads), id 0xc0000005, EXCEPTION_ACCESS_VIOLATION (0xc0000005) at pc=0x00007ffaf82fbcd7]

VM state: not at safepoint (not fully initialized)

VM Mutex/Monitor currently owned by a thread:  ([mutex/lock_event])
[0x00000138449d92a0] Heap_lock - owner thread: 0x00000138449dd4e0

Heap address: 0x0000000701400000, size: 4076 MB, Compressed Oops mode: Zero based, Oop shift amount: 3

CDS archive(s) mapped at: [0x0000000000000000-0x0000000000000000-0x0000000000000000), size 0, SharedBaseAddress: 0x0000000800000000, ArchiveRelocationMode: 0.
Narrow klass base: 0x0000000000000000, Narrow klass shift: 0, Narrow klass range: 0x0

GC Precious Log:
<Empty>

Heap:
 garbage-first heap   total 0K, used 0K [0x0000000701400000, 0x0000000800000000)
  region size 2048K, 0 young (0K), 0 survivors (0K)

[error occurred during error reporting (printing heap information), id 0xc0000005, EXCEPTION_ACCESS_VIOLATION (0xc0000005) at pc=0x00007ffaf86df249]

GC Heap History (0 events):
No events

Deoptimization events (0 events):
No events

Classes unloaded (0 events):
No events

Classes redefined (0 events):
No events

Internal exceptions (0 events):
No events

VM Operations (0 events):
No events

Events (1 events):
Event: 0.009 Loaded shared library C:\Users\user\.jdks\temurin-17.0.3\bin\java.dll


Dynamic libraries:
0x00007ff63dc70000 - 0x00007ff63dc7e000 	C:\Users\user\.jdks\temurin-17.0.3\bin\java.exe
0x00007ffb47990000 - 0x00007ffb47b88000 	C:\Windows\SYSTEM32\ntdll.dll
0x00007ffb463a0000 - 0x00007ffb4645d000 	C:\Windows\System32\KERNEL32.DLL
0x00007ffb456d0000 - 0x00007ffb4599e000 	C:\Windows\System32\KERNELBASE.dll
0x00007ffb45520000 - 0x00007ffb45620000 	C:\Windows\System32\ucrtbase.dll
0x00007ffb2efd0000 - 0x00007ffb2efe8000 	C:\Users\user\.jdks\temurin-17.0.3\bin\jli.dll
0x00007ffb35dc0000 - 0x00007ffb35dd9000 	C:\Users\user\.jdks\temurin-17.0.3\bin\VCRUNTIME140.dll
0x00007ffb46200000 - 0x00007ffb463a0000 	C:\Windows\System32\USER32.dll
0x00007ffb34520000 - 0x00007ffb347ba000 	C:\Windows\WinSxS\amd64_microsoft.windows.common-controls_6595b64144ccf1df_6.0.19041.1110_none_60b5254171f9507e\COMCTL32.dll
0x00007ffb45280000 - 0x00007ffb452a2000 	C:\Windows\System32\win32u.dll
0x00007ffb459f0000 - 0x00007ffb45a8e000 	C:\Windows\System32\msvcrt.dll
0x00007ffb46630000 - 0x00007ffb4665a000 	C:\Windows\System32\GDI32.dll
0x00007ffb45140000 - 0x00007ffb4524b000 	C:\Windows\System32\gdi32full.dll
0x00007ffb45320000 - 0x00007ffb453bd000 	C:\Windows\System32\msvcp_win.dll
0x00007ffb45b40000 - 0x00007ffb45b70000 	C:\Windows\System32\IMM32.DLL
0x00007ffb3c2b0000 - 0x00007ffb3c2bc000 	C:\Users\user\.jdks\temurin-17.0.3\bin\vcruntime140_1.dll
0x00007ffb19070000 - 0x00007ffb19101000 	C:\Users\user\.jdks\temurin-17.0.3\bin\msvcp140.dll
0x00007ffaf8010000 - 0x00007ffaf8c58000 	C:\Users\user\.jdks\temurin-17.0.3\bin\server\jvm.dll
0x00007ffb464d0000 - 0x00007ffb4657e000 	C:\Windows\System32\ADVAPI32.dll
0x00007ffb469f0000 - 0x00007ffb46a8c000 	C:\Windows\System32\sechost.dll
0x00007ffb46670000 - 0x00007ffb46795000 	C:\Windows\System32\RPCRT4.dll
0x00007ffb478e0000 - 0x00007ffb478e8000 	C:\Windows\System32\PSAPI.DLL
0x00007ffb331c0000 - 0x00007ffb331c9000 	C:\Windows\SYSTEM32\WSOCK32.dll
0x00007ffb3cfa0000 - 0x00007ffb3cfaa000 	C:\Windows\SYSTEM32\VERSION.dll
0x00007ffb348f0000 - 0x00007ffb34917000 	C:\Windows\SYSTEM32\WINMM.dll
0x00007ffb47870000 - 0x00007ffb478db000 	C:\Windows\System32\WS2_32.dll
0x00007ffb42fb0000 - 0x00007ffb42fc2000 	C:\Windows\SYSTEM32\kernel.appcore.dll
0x00007ffb3b650000 - 0x00007ffb3b65a000 	C:\Users\user\.jdks\temurin-17.0.3\bin\jimage.dll
0x00007ffb30d00000 - 0x00007ffb30ee4000 	C:\Windows\SYSTEM32\DBGHELP.DLL
0x00007ffb30b20000 - 0x00007ffb30b4c000 	C:\Windows\SYSTEM32\dbgcore.DLL
0x00007ffb450b0000 - 0x00007ffb45132000 	C:\Windows\System32\bcryptPrimitives.dll
0x00007ffb26290000 - 0x00007ffb262cb000 	C:\Users\user\.jdks\temurin-17.0.3\bin\jdwp.dll
0x00007ffb26310000 - 0x00007ffb26335000 	C:\Users\user\.jdks\temurin-17.0.3\bin\java.dll

dbghelp: loaded successfully - version: 4.0.5 - missing functions: none
symbol engine: initialized successfully - sym options: 0x614 - pdb path: .;C:\Users\user\.jdks\temurin-17.0.3\bin;C:\Windows\SYSTEM32;C:\Windows\WinSxS\amd64_microsoft.windows.common-controls_6595b64144ccf1df_6.0.19041.1110_none_60b5254171f9507e;C:\Users\user\.jdks\temurin-17.0.3\bin\server

VM Arguments:
jvm_args: -agentlib:jdwp=transport=dt_socket,server=n,suspend=y,address=127.0.0.1:52947 -Dfile.encoding=windows-1251 -Duser.country=US -Duser.language=en -Duser.variant 
java_command: org.example.Main
java_class_path (initial): C:\Users\user\Desktop\tasks\FollowMe\build\classes\java\main;C:\Users\user\Desktop\tasks\FollowMe\build\resources\main;C:\Users\user\.gradle\caches\modules-2\files-2.1\org.json\json\20220320\6df2c050972619466f6dcef7654ef9bcc01dfd0\json-20220320.jar;C:\Users\user\.gradle\caches\modules-2\files-2.1\com.sun.mail\javax.mail\1.6.2\935151eb71beff17a2ffac15dd80184a99a0514f\javax.mail-1.6.2.jar;C:\Users\user\.gradle\caches\modules-2\files-2.1\net.java.dev.jna\jna-platform\5.11.0\3982895a856ba88cd7acf75a1b3a11046eef419d\jna-platform-5.11.0.jar;C:\Users\user\.gradle\caches\modules-2\files-2.1\net.java.dev.jna\jna\5.11.0\27770efb6329f092f895c7329662d1aa8ee8c0ac\jna-5.11.0.jar;C:\Users\user\.gradle\caches\modules-2\files-2.1\javax.activation\activation\1.1\e6cb541461c2834bdea3eb920f1884d1eb508b50\activation-1.1.jar
Launcher Type: SUN_STANDARD

[Global flags]
     intx CICompilerCount                          = 4                                         {product} {ergonomic}
     uint ConcGCThreads                            = 2                                         {product} {ergonomic}
     uint G1ConcRefinementThreads                  = 8                                         {product} {ergonomic}
   size_t G1HeapRegionSize                         = 2097152                                   {product} {ergonomic}
    uintx GCDrainStackTargetSize                   = 64                                        {product} {ergonomic}
   size_t InitialHeapSize                          = 268435456                                 {product} {ergonomic}
   size_t MarkStackSize                            = 4194304                                   {product} {ergonomic}
   size_t MaxHeapSize                              = 4273995776                                {product} {ergonomic}
   size_t MinHeapDeltaBytes                        = 2097152                                   {product} {ergonomic}
   size_t MinHeapSize                              = 8388608                                   {product} {ergonomic}
    uintx NonNMethodCodeHeapSize                   = 5839372                                {pd product} {ergonomic}
    uintx NonProfiledCodeHeapSize                  = 122909434                              {pd product} {ergonomic}
    uintx ProfiledCodeHeapSize                     = 122909434                              {pd product} {ergonomic}
    uintx ReservedCodeCacheSize                    = 251658240                              {pd product} {ergonomic}
     bool SegmentedCodeCache                       = true                                      {product} {ergonomic}
   size_t SoftMaxHeapSize                          = 4273995776                             {manageable} {ergonomic}
     bool UseCompressedClassPointers               = true                           {product lp64_product} {ergonomic}
     bool UseCompressedOops                        = true                           {product lp64_product} {ergonomic}
     bool UseG1GC                                  = true                                      {product} {ergonomic}
     bool UseLargePagesIndividualAllocation        = false                                  {pd product} {ergonomic}

Logging:
Log output configuration:
 #0: stdout all=warning uptime,level,tags
 #1: stderr all=off uptime,level,tags

Environment Variables:
PATH=C:\PROGRAM FILES (X86)\COMMON FILES\ORACLE\JAVA\JAVAPATH;C:\PROGRAMDATA\ORACLE\JAVA\JAVAPATH;C:\PROGRAM FILES (X86)\INTEL\ICLS CLIENT\;C:\PROGRAM FILES\INTEL\ICLS CLIENT\;C:\WINDOWS\SYSTEM32;C:\WINDOWS;C:\WINDOWS\SYSTEM32\WBEM;C:\WINDOWS\SYSTEM32\WINDOWSPOWERSHELL\V1.0\;C:\WINDOWS\SYSTEM32\OPENSSH\;C:\PROGRAM FILES\PUTTY\;C:\Windows\SYSTEM32;C:\Windows;C:\Windows\SYSTEM32\WBEM;C:\Windows\SYSTEM32\WINDOWSPOWERSHELL\V1.0\;C:\Windows\SYSTEM32\OPENSSH\;C:\PROGRAM FILES\JAVA\JRE1.8.0_271\BIN\;C:\PROGRAM FILES (X86)\JAVA\JRE1.8.0_271\BIN\;C:\Program Files\Git\cmd;C:\Users\user\AppData\Local\Microsoft\WindowsApps;
USERNAME=Dimitar.Russev
OS=Windows_NT
PROCESSOR_IDENTIFIER=Intel64 Family 6 Model 60 Stepping 3, GenuineIntel



---------------  S Y S T E M  ---------------

OS:
 Windows 10 , 64 bit Build 19041 (10.0.19041.1806)
OS uptime: 11 days 21:43 hours

CPU: total 8 (initial active 8) (4 cores per cpu, 2 threads per core) family 6 model 60 stepping 3 microcode 0x27, cx8, cmov, fxsr, ht, mmx, sse, sse2, sse3, ssse3, sse4.1, sse4.2, popcnt, lzcnt, tsc, tscinvbit, avx, avx2, aes, erms, clmul, bmi1, bmi2, fma, vzeroupper, clflush

Memory: 4k page, system-wide physical 16296M (1394M free)
TotalPageFile size 24488M (AvailPageFile size 201M)
current process WorkingSet (physical memory assigned to process): 10M, peak: 10M
current process commit charge ("private bytes"): 60M, peak: 316M

vm_info: OpenJDK 64-Bit Server VM (17.0.3+7) for windows-amd64 JRE (17.0.3+7), built on Apr 19 2022 16:55:35 by "" with MS VC++ 16.7 (VS2019)

END.
